args: limit=1000, offset=0
IN RECOVERY MODE
skipping 252
skipping 253
skipping 254
skipping 255
skipping 256
skipping 257
skipping 258
skipping 259
skipping 260
skipping 261
skipping 262
skipping 263
skipping 264
skipping 265
skipping 266
skipping 267
skipping 268
skipping 269
skipping 270
skipping 271
skipping 272
skipping 273
skipping 274
skipping 275
skipping 276
skipping 277
skipping 278
skipping 279
processing 280
err: retry B000034DLB 280
err: retry B000034DLB 280
err: retry B000034DLB 280
err: retry B000034DLB 280
err: retry B000034DLB 280
err: retry B000034DLB 280
err: retry B000034DLB 280
err: retry B000034DLB 280
err: retry B000034DLB 280
err: retry B000034DLB 280
fail: B000034DLB
skipping 281
skipping 282
skipping 283
skipping 284
skipping 285
skipping 286
skipping 287
skipping 288
skipping 289
skipping 290
skipping 291
skipping 292
skipping 293
skipping 294
skipping 295
skipping 296
skipping 297
skipping 298
skipping 299
skipping 300
skipping 301
skipping 302
skipping 303
skipping 304
skipping 305
skipping 306
skipping 307
skipping 308
skipping 309
skipping 310
skipping 311
skipping 312
skipping 313
skipping 314
skipping 315
skipping 316
skipping 317
skipping 318
skipping 319
skipping 320
skipping 321
skipping 322
skipping 323
processing 324
err: retry B00004U3M4 324
err: retry B00004U3M4 324
err: retry B00004U3M4 324
err: retry B00004U3M4 324
err: retry B00004U3M4 324
err: retry B00004U3M4 324
err: retry B00004U3M4 324
err: retry B00004U3M4 324
err: retry B00004U3M4 324
err: retry B00004U3M4 324
fail: B00004U3M4
skipping 325
skipping 326
skipping 327
skipping 328
skipping 329
skipping 330
skipping 331
skipping 332
skipping 333
skipping 334
skipping 335
skipping 336
skipping 337
skipping 338
skipping 339
skipping 340
skipping 341
skipping 342
skipping 343
skipping 344
skipping 345
skipping 346
skipping 347
skipping 348
skipping 349
skipping 350
skipping 351
skipping 352
skipping 353
skipping 354
skipping 355
skipping 356
skipping 357
skipping 358
skipping 359
skipping 360
skipping 361
skipping 362
skipping 363
skipping 364
skipping 365
skipping 366
skipping 367
skipping 368
skipping 369
skipping 370
skipping 371
skipping 372
skipping 373
skipping 374
skipping 375
skipping 376
skipping 377
skipping 378
skipping 379
skipping 380
skipping 381
skipping 382
skipping 383
skipping 384
skipping 385
skipping 386
skipping 387
skipping 388
skipping 389
skipping 390
skipping 391
skipping 392
skipping 393
skipping 394
skipping 395
skipping 396
skipping 397
skipping 398
skipping 399
skipping 400
skipping 401
skipping 402
skipping 403
skipping 404
skipping 405
skipping 406
skipping 407
skipping 408
skipping 409
skipping 410
skipping 411
skipping 412
skipping 413
skipping 414
skipping 415
skipping 416
skipping 417
skipping 418
skipping 419
skipping 420
skipping 421
skipping 422
skipping 423
skipping 424
skipping 425
skipping 426
skipping 427
skipping 428
skipping 429
skipping 430
skipping 431
skipping 432
skipping 433
skipping 434
skipping 435
skipping 436
skipping 437
skipping 438
skipping 439
skipping 440
skipping 441
skipping 442
skipping 443
skipping 444
skipping 445
skipping 446
skipping 447
skipping 448
skipping 449
skipping 450
skipping 451
skipping 452
skipping 453
skipping 454
skipping 455
skipping 456
skipping 457
skipping 458
skipping 459
skipping 460
skipping 461
skipping 462
skipping 463
skipping 464
skipping 465
skipping 466
skipping 467
skipping 468
skipping 469
skipping 470
skipping 471
skipping 472
skipping 473
skipping 474
skipping 475
skipping 476
skipping 477
skipping 478
skipping 479
skipping 480
skipping 481
skipping 482
skipping 483
skipping 484
skipping 485
skipping 486
processing 487
err: retry B00006M8NS 487
err: retry B00006M8NS 487
err: retry B00006M8NS 487
err: retry B00006M8NS 487
err: retry B00006M8NS 487
err: retry B00006M8NS 487
err: retry B00006M8NS 487
err: retry B00006M8NS 487
err: retry B00006M8NS 487
err: retry B00006M8NS 487
fail: B00006M8NS
skipping 488
skipping 489
skipping 490
skipping 491
skipping 492
skipping 493
skipping 494
skipping 495
skipping 496
skipping 497
skipping 498
skipping 499
skipping 500
skipping 501
skipping skipping 126
skipping 127
skipping 128
skipping 129
processing 130
err: retry 8279996834 130
err: retry 8279996834 130
err: retry 8279996834 130
err: retry 8279996834 130
err: retry 8279996834 130
err: retry 8279996834 130
err: retry 8279996834 130
err: retry 8279996834 130
err: retry 8279996834 130
err: retry 8279996834 130
fail: 8279996834
skipping 131
skipping 132
skipping 133
skipping 134
skipping 135
skipping 136
skipping 137
skipping 138
skipping 139
skipping 140
skipping 141
skipping 142
skipping 143
skipping 144
skipping 145
skipping 146
skipping 147
skipping 148
skipping 149
skipping 150
skipping 151
skipping 152
skipping 153
skipping 154
skipping 155
skipping 156
skipping 157
skipping 158
skipping 159
skipping 160
skipping 161
skipping 162
skipping 163
skipping 164
skipping 165
skipping 166
skipping 167
skipping 168
skipping 169
skipping 170
skipping 171
skipping 172
skipping 173
skipping 174
skipping 175
skipping 176
skipping 177
skipping 178
skipping 179
processing 180
err: retry 9789814259 180
err: retry 9789814259 180
err: retry 9789814259 180
err: retry 9789814259 180
err: retry 9789814259 180
err: retry 9789814259 180
err: retry 9789814259 180
err: retry 9789814259 180
err: retry 9789814259 180
err: retry 9789814259 180
fail: 9789814259
skipping 181
skipping 182
skipping 183
skipping 184
skipping 185
skipping 186
skipping 187
skipping 188
skipping 504
skipping 505
skipping 506
skipping 507
skipping 508
skipping 509
skipping 510
skipping 511
skipping 512
skipping 513
skipping 514
skipping 515
skipping 516
skipping 517
skipping 518
skipping 519
skipping 520
skipping 521
skipping 522
skipping 523
skipping 524
skipping 525
skipping 526
skipping 527
skipping 528
skipping 529
skipping 530
skipping 531
skipping 532
skipping 533
skipping 534
skipping 535
skipping 536
skipping 537
skipping 538
skipping 539
skipping 540
skipping 541
skipping 542
skipping 543
skipping 544
skipping 545
skipping 546
skipping 547
skipping 548
skipping 549
skipping 550
skipping 551
skipping 552
skipping 553
skipping 554
skipping 555
skipping 556
skipping 557
skipping 558
skipping 559
skipping 560
skipping 561
skipping 562
skipping 563
skipping 564
skipping 565
skipping 566
skipping 567
skipping 568
skipping 569
skipping 570
skipping 571
skipping 572
skipping 573
skipping 574
skipping 575
skipping 576
skipping 577
skipping 578
skipping 579
skipping 580
skipping 581
skipping 582
skipping 583
skipping 584
processing 585
err: retry B00007827Q 585
err: retry B00007827Q 585
err: retry B00007827Q 585
err: retry B00007827Q 585
err: retry B00007827Q 585
err: retry B00007827Q 585
err: retry B00007827Q 585
err: retry B00007827Q 585
err: retry B00007827Q 585
err: retry B00007827Q 585
fail: B00007827Q
processing 586
err: retry B0000782AN 586
err: retry B0000782AN 586
err: retry B0000782AN 586
err: retry B0000782AN 586
err: retry B0000782AN 586
err: retry B0000782AN 586
err: retry B0000782AN 586
err: retry B0000782AN 586
err: retry B0000782AN 586
err: retry B0000782AN 586
fail: B0000782AN
skipping 587
skipping 588
skipping 589
skipping 590
skipping 591
skipping 592
skipping 593
skipping 594
skipping 595
processing 596
err: retry B000078QJV 596
err: retry B000078QJV 596
err: retry B000078QJV 596
err: retry B000078QJV 596
err: retry B000078QJV 596
err: retry B000078QJV 596
err: retry B000078QJV 596
err: retry B000078QJV 596
err: retry B000078QJV 596
err: retry B000078QJV 596
fail: B000078QJV
skipping 597
skipping 598
skipping 599
skipping 600
skipping 601
skipping 602
skipping 603
skipping 604
skipping 605
skipping 606
skipping 607
skipping 608
skipping 609
skipping 610
skipping 611
skipping 612
skipping 613
skipping 614
skipping 615
skipping 616
skipping 617
skipping 618
skipping 619
skipping 620
skipping 621
skipping 622
skipping 623
skipping 624
skipping 625
skipping 626
skipping 627
skipping 628
skipping 629
skipping 756
skipping 757
processing 758
err: retry B0000864CZ 758
err: retry B0000864CZ 758
err: retry B0000864CZ 758
err: retry B0000864CZ 758
err: retry B0000864CZ 758
err: retry B0000864CZ 758
err: retry B0000864CZ 758
err: retry B0000864CZskipping 0
skipping 1
skipping 2
skipping 3
skipping 4
skipping 5
skipping 6
skipping 7
skipping 8
skipping 9
skipping 10
skipping 11
skipping 12
skipping 13
skipping 14
skipping 15
skipping 16
skipping 17
skipping 18
skipping 19
skipping 20
skipping 21
skipping 22
skipping 23
skipping 24
skipping 25
skipping 26
skipping 27
skipping 28
skipping 29
skipping 30
skipping 31
skipping 32
skipping 33
skipping 34
skipping 35
skipping 36
skipping 37
skipping 38
skipping 39
skipping 40
skipping 41
skipping 42
skipping 43
skipping 44
skipping 45
skipping 46
skipping 47
skipping 48
skipping 49
skipping 50
skipping 51
skipping 52
skipping 53
skipping 54
skipping 55
skipping 56
skipping 57
skipping 58
skipping 59
skipping 60
skipping 61
skipping 62
skipping 189
skipping 190
skipping 191
skipping 192
skipping 193
skipping 194
skipping 195
skipping 196
skipping 197
skipping 198
skipping 199
skipping 200
skipping 201
skipping 202
skipping 203
skipping 204
skipping 205
skipping 206
skipping 207
skipping 208
processing 209
err: retry 9888999117 209
err: retry 9888999117 209
err: retry 9888999117 209
err: retry 9888999117 209
err: retry 9888999117 209
err: retry 9888999117 209
err: retry 9888999117 209
err: retry 9888999117 209
err: retry 9888999117 209
err: retry 9888999117 209
fail: 9888999117
skipping 210
skipping 211
processing 212
err: retry 9895503776 212
err: retry 9895503776 212
err: retry 9895503776 212
err: retry 9895503776 212
err: retry 9895503776 212
err: retry 9895503776 212
err: retry 9895503776 212
err: retry 9895503776 212
err: retry 9895503776 212
err: retry 9895503776 212
fail: 9895503776
skipping 213
skipping 214
skipping 215
skipping 216
skipping 217
skipping 218
skipping 219
skipping 220
skipping 221
skipping 222
skipping 223
skipping 224
skipping 225
skipping 226
skipping 227
skipping 228
skipping 229
skipping 230
skipping 231
skipping 232
skipping 233
skipping 234
skipping 235
skipping 236
skipping 237
skipping 238
skipping 239
skipping 240
skipping 241
skipping 242
skipping 243
skipping 244
skipping 245
skipping 246
skipping 247
skipping 248
skipping 249
skipping 250
skipping 251
skipping 630
skipping 631
processing 632
err: retry B00007FG0N 632
err: retry B00007FG0N 632
err: retry B00007FG0N 632
err: retry B00007FG0N 632
err: retry B00007FG0N 632
err: retry B00007FG0N 632
err: retry B00007FG0N 632
err: retry B00007FG0N 632
err: retry B00007FG0N 632
err: retry B00007FG0N 632
fail: B00007FG0N
skipping 633
skipping 634
skipping 635
skipping 636
skipping 637
processing 638
err: retry B00007FQ8W 638
err: retry B00007FQ8W 638
err: retry B00007FQ8W 638
err: retry B00007FQ8W 638
err: retry B00007FQ8W 638
err: retry B00007FQ8W 638
err: retry B00007FQ8W 638
err: retry B00007FQ8W 638
err: retry B00007FQ8W 638
err: retry B00007FQ8W 638
fail: B00007FQ8W
skipping 639
processing 640
err: retry B00007FQL7 640
err: retry B00007FQL7 640
err: retry B00007FQL7 640
err: retry B00007FQL7 640
err: retry B00007FQL7 640
err: retry B00007FQL7 640
err: retry B00007FQL7 640
err: retry B00007FQL7 640
err: retry B00007FQL7 640
err: retry B00007FQL7 640
fail: B00007FQL7
skipping 641
processing 642
err: retry B00007FQNR 642
err: retry B00007FQNR 642
err: retry B00007FQNR 642
err: retry B00007FQNR 642
err: retry B00007FQNR 642
err: retry B00007FQNR 642
err: retry B00007FQNR 642
err: retry B00007FQNR 642
err: retry B00007FQNR 642
err: retry B00007FQNR 642
fail: B00007FQNR
skipping 643
skipping 644
skipping 645
skipping 646
skipping 647
skipping 648
skipping 649
skipping 650
skipping 651
processing 652
err: retry B00007GD9I 652
err: retry B00007GD9I 652
err: retry B00007GD9I 652
err: retry B00007GD9I 652
err: retry B00007GD9I 652
err: retry B00007GD9I 652
err: retry B00007GD9I 652
err: retry B00007GD9I 652
err: retry B00007GD9I 652
err: retry B00007GD9I 652
fail: B00007GD9I
skipping 653
skipping 654
skipping 655
skipping 656
skipping 657
skipping 658
skipping 659
skipping 660
skipping 661
skipping 662
skipping 663
skipping 664
processing 665
err: retry B00007GDIR 665
err: retry B00007GDIR 665
err: retry B00007GDIR 665
err: retry B00007GDIR 665
err:skipping 63
skipping 64
skipping 65
skipping 66
skipping 67
skipping 68
skipping 69
processing 70
err: retry 2200483236 70
err: retry 2200483236 70
err: retry 2200483236 70
err: retry 2200483236 70
err: retry 2200483236 70
err: retry 2200483236 70
err: retry 2200483236 70
err: retry 2200483236 70
err: retry 2200483236 70
err: retry 2200483236 70
fail: 2200483236
skipping 71
skipping 72
skipping 73
skipping 74
skipping 75
skipping 76
skipping 77
skipping 78
processing 79
err: retry 3999837810 79
err: retry 3999837810 79
err: retry 3999837810 79
err: retry 3999837810 79
err: retry 3999837810 79
err: retry 3999837810 79
err: retry 3999837810 79
err: retry 3999837810 79
err: retry 3999837810 79
err: retry 3999837810 79
fail: 3999837810
processing 80
err: retry 3999838167 80
err: retry 3999838167 80
err: retry 3999838167 80
err: retry 3999838167 80
err: retry 3999838167 80
err: retry 3999838167 80
err: retry 3999838167 80
err: retry 3999838167 80
err: retry 3999838167 80
err: retry 3999838167 80
fail: 3999838167
skipping 81
skipping 82
processing 83
err: retry 481713996X 83
err: retry 481713996X 83
err: retry 481713996X 83
err: retry 481713996X 83
err: retry 481713996X 83
err: retry 481713996X 83
err: retry 481713996X 83
err: retry 481713996X 83
err: retry 481713996X 83
err: retry 481713996X 83
fail: 481713996X
skipping 84
skipping 85
skipping 86
skipping 87
skipping 88
skipping 89
skipping 90
skipping 91
skipping 92
skipping 93
skipping 94
skipping 95
skipping 96
skipping 97
skipping 98
skipping 99
skipping 100
processing 101
err: retry 6041006041 101
err: retry 6041006041 101
err: retry 6041006041 101
err: retry 6041006041 101
err: retry 6041006041 101
err: retry 6041006041 101
err: retry 6041006041 101
err: retry 6041006041 101
err: retry 6041006041 101
err: retry 6041006041 101
fail: 6041006041
skipping 102
processing 103
err: retry 6042496778 103
err: retry 6042496778 103
err: retry 6042496778 103
err: retry 6042496778 103
err: retry 6042496778 103
err: retry 6042496778 103
err: retry 6042496778 103
err: retry 6042496778 103
err: retry 6042496778 103
err: retry 6042496778 103
fail: 6042496778
processing 104
err: retry 6148249588 104
err: retry 6148249588 104
err: retry 6148249588 104
err: retry 6148249588 104
err: retry 6148249588 104
err: retry 6148249588 104
err: retry 6148249588 104
err: retry 6148249588 104
err: retry 6148249588 104
err: retry 6148249588 104
fail: 6148249588
skipping 105
skipping 106
skipping 107
skipping 108
skipping 109
skipping 110
skipping 111
skipping 112
skipping 113
skipping 114
skipping 115
skipping 116
skipping 117
skipping 118
skipping 119
skipping 120
skipping 121
skipping 122
skipping 123
skipping 124
skipping 125
skipping 819
skipping 820
skipping 821
skipping 822
skipping 823
skipping 824
skipping 825
skipping 826
processing 827
err: retry B00008DWWM 827
err: retry B00008DWWM 827
err: retry B00008DWWM 827
err: retry B00008DWWM 827
err: retry B00008DWWM 827
err: retry B00008DWWM 827
err: retry B00008DWWM 827
err: retry B00008DWWM 827
err: retry B00008DWWM 827
err: retry B00008DWWM 827
fail: B00008DWWM
skipping 828
skipping 829
skipping 830
skipping 831
skipping 832
skipping 833
skipping 834
skipping 835
skipping 836
skipping 837
skipping 838
skipping 839
skipping 840
skipping 841
processing 842
err: retry B00008ID0B 842
err: retry B00008ID0B 842
err: retry B00008ID0B 842
err: retry B00008ID0B 842
err: retry B00008ID0B 842
err: retry B00008ID0B 842
err: retry B00008ID0B 842
err: retry B00008ID0B 842
err: retry B00008ID0B 842
err: retry B00008ID0B 842
fail: B00008ID0B
skipping 843
skipping 844
skipping 845
skipping 846
skipping 847
skipping 848
skipping 849
skipping 850
skipping 851
skipping 852
skipping 853
processing 854
err: retry B00008IOHR 854
err: retry B00008IOHR 854
err: retry B00008IOHR 854
err: retry B00008IOHR 854
err: retry B00008IOHR 854
err: retry B00008IOHR 854
err: retry B00008IOHR 854
err: retry B00008IOHR 854
err: retry B00008IOHR 854
err: retry B00008IOHR 854
fail: B00008IOHR
skipping 855
processing 856
err: retry B00008IPCG 856
err: retry B00008IPCG 856
err: retry B0000 758
err: retry B0000864CZ 758
err: retry B0000864CZ 758
fail: B0000864CZ
skipping 759
skipping 760
skipping 761
skipping 762
skipping 763
skipping 764
skipping 765
skipping 766
skipping 767
skipping 768
skipping 769
skipping 770
skipping 771
skipping 772
skipping 773
skipping 774
skipping 775
skipping 776
skipping 777
skipping 778
skipping 779
skipping 780
processing 781
err: retry B0000867AN 781
err: retry B0000867AN 781
err: retry B0000867AN 781
err: retry B0000867AN 781
err: retry B0000867AN 781
err: retry B0000867AN 781
err: retry B0000867AN 781
err: retry B0000867AN 781
err: retry B0000867AN 781
err: retry B0000867AN 781
fail: B0000867AN
skipping 782
skipping 783
skipping 784
skipping 785
skipping 786
skipping 787
skipping 788
skipping 789
skipping 790
skipping 791
skipping 792
skipping 793
skipping 794
skipping 795
skipping 796
skipping 797
skipping 798
skipping 799
skipping 800
processing 801
err: retry B00008695M 801
err: retry B00008695M 801
err: retry B00008695M 801
err: retry B00008695M 801
err: retry B00008695M 801
err: retry B00008695M 801
err: retry B00008695M 801
err: retry B00008695M 801
err: retry B00008695M 801
err: retry B00008695M 801
fail: B00008695M
skipping 802
skipping 803
skipping 804
skipping 805
skipping 806
skipping 807
skipping 808
skipping 809
skipping 810
skipping 811
skipping 812
skipping 813
skipping 814
skipping 815
skipping 816
skipping 817
processing 818
err: retry B000089PRU 818
err: retry B000089PRU 818
err: retry B000089PRU 818
err: retry B000089PRU 818
err: retry B000089PRU 818
err: retry B000089PRU 818
err: retry B000089PRU 818
err: retry B000089PRU 818
err: retry B000089PRU 818
err: retry B000089PRU 818
fail: B000089PRU
skipping 882
skipping 883
skipping 884
skipping 885
skipping 886
skipping 887
skipping 888
skipping 889
skipping 890
skipping 891
skipping 892
skipping 893
skipping 894
skipping 895
skipping 896
skipping 897
skipping 898
skipping 899
skipping 900
processing 901
err: retry B00008NFH5 901
err: retry B00008NFH5 901
err: retry B00008NFH5 901
err: retry B00008NFH5 901
err: retry B00008NFH5 901
err: retry B00008NFH5 901
err: retry B00008NFH5 901
err: retry B00008NFH5 901
err: retry B00008NFH5 901
err: retry B00008NFH5 901
fail: B00008NFH5
processing 902
err: retry B00008NFJ9 902
err: retry B00008NFJ9 902
err: retry B00008NFJ9 902
err: retry B00008NFJ9 902
err: retry B00008NFJ9 902
err: retry B00008NFJ9 902
err: retry B00008NFJ9 902
err: retry B00008NFJ9 902
err: retry B00008NFJ9 902
err: retry B00008NFJ9 902
fail: B00008NFJ9
skipping 903
skipping 904
processing 905
err: retry B00008NRFB 905
err: retry B00008NRFB 905
err: retry B00008NRFB 905
err: retry B00008NRFB 905
err: retry B00008NRFB 905
err: retry B00008NRFB 905
err: retry B00008NRFB 905
err: retry B00008NRFB 905
err: retry B00008NRFB 905
err: retry B00008NRFB 905
fail: B00008NRFB
processing 906
err: retry B00008OD6B 906
err: retry B00008OD6B 906
err: retry B00008OD6B 906
err: retry B00008OD6B 906
err: retry B00008OD6B 906
err: retry B00008OD6B 906
err: retry B00008OD6B 906
err: retry B00008OD6B 906
err: retry B00008OD6B 906
err: retry B00008OD6B 906
fail: B00008OD6B
skipping 907
processing 908
err: retry B00008OLDT 908
err: retry B00008OLDT 908
err: retry B00008OLDT 908
err: retry B00008OLDT 908
err: retry B00008OLDT 908
err: retry B00008OLDT 908
err: retry B00008OLDT 908
err: retry B00008OLDT 908
err: retry B00008OLDT 908
err: retry B00008OLDT 908
fail: B00008OLDT
skipping 909
processing 910
err: retry B00008Q0AZ 910
err: retry B00008Q0AZ 910
err: retry B00008Q0AZ 910
err: retry B00008Q0AZ 910
err: retry B00008Q0AZ 910
err: retry B00008Q0AZ 910
err: retry B00008Q0AZ 910
err: retry B00008Q0AZ 910
err: retry B00008Q0AZ 910
err: retry B00008Q0AZ 910
fail: B00008Q0AZ
skipping 911
skipping 912
skipping 913
skipping 914
skipping 915
processing 916
err: retry B00008TTGK 916
err: retry B00008TTGK 916
err: retry B00008TTGK 916
err: retry B00008TTGK 916
err: retry B00008TTGK 916
err: retry B00008TTGK 916
err: retry B00008TTGK 916
err: retry B00008TTGK 916
err: retry B00008TTGK 916
err: retry B00008TTGK 916
fail: B00008TT502
skipping 503
skipping 693
skipping 694
skipping 695
processing 696
err: retry B00007GN7E 696
err: retry B00007GN7E 696
err: retry B00007GN7E 696
err: retry B00007GN7E 696
err: retry B00007GN7E 696
err: retry B00007GN7E 696
err: retry B00007GN7E 696
err: retry B00007GN7E 696
err: retry B00007GN7E 696
err: retry B00007GN7E 696
fail: B00007GN7E
skipping 697
processing 698
err: retry B00007I2S3 698
err: retry B00007I2S3 698
err: retry B00007I2S3 698
err: retry B00007I2S3 698
err: retry B00007I2S3 698
err: retry B00007I2S3 698
err: retry B00007I2S3 698
err: retry B00007I2S3 698
err: retry B00007I2S3 698
err: retry B00007I2S3 698
fail: B00007I2S3
processing 699
err: retry B00007I2S7 699
err: retry B00007I2S7 699
err: retry B00007I2S7 699
err: retry B00007I2S7 699
err: retry B00007I2S7 699
err: retry B00007I2S7 699
err: retry B00007I2S7 699
err: retry B00007I2S7 699
err: retry B00007I2S7 699
err: retry B00007I2S7 699
fail: B00007I2S7
processing 700
err: retry B00007I6VN 700
err: retry B00007I6VN 700
err: retry B00007I6VN 700
err: retry B00007I6VN 700
err: retry B00007I6VN 700
err: retry B00007I6VN 700
err: retry B00007I6VN 700
err: retry B00007I6VN 700
err: retry B00007I6VN 700
err: retry B00007I6VN 700
fail: B00007I6VN
skipping 701
processing 702
err: retry B00007IASP 702
err: retry B00007IASP 702
err: retry B00007IASP 702
err: retry B00007IASP 702
err: retry B00007IASP 702
err: retry B00007IASP 702
err: retry B00007IASP 702
err: retry B00007IASP 702
err: retry B00007IASP 702
err: retry B00007IASP 702
fail: B00007IASP
processing 703
err: retry B00007IAX3 703
err: retry B00007IAX3 703
err: retry B00007IAX3 703
err: retry B00007IAX3 703
err: retry B00007IAX3 703
err: retry B00007IAX3 703
err: retry B00007IAX3 703
err: retry B00007IAX3 703
err: retry B00007IAX3 703
err: retry B00007IAX3 703
fail: B00007IAX3
processing 704
err: retry B00007IB8B 704
err: retry B00007IB8B 704
err: retry B00007IB8B 704
err: retry B00007IB8B 704
err: retry B00007IB8B 704
err: retry B00007IB8B 704
err: retry B00007IB8B 704
err: retry B00007IB8B 704
err: retry B00007IB8B 704
err: retry B00007IB8B 704
fail: B00007IB8B
processing 705
err: retry B00007IBH0 705
err: retry B00007IBH0 705
err: retry B00007IBH0 705
err: retry B00007IBH0 705
err: retry B00007IBH0 705
err: retry B00007IBH0 705
err: retry B00007IBH0 705
err: retry B00007IBH0 705
err: retry B00007IBH0 705
err: retry B00007IBH0 705
fail: B00007IBH0
processing 706
err: retry B00007IC95 706
err: retry B00007IC95 706
err: retry B00007IC95 706
err: retry B00007IC95 706
err: retry B00007IC95 706
err: retry B00007IC95 706
err: retry B00007IC95 706
err: retry B00007IC95 706
err: retry B00007IC95 706
err: retry B00007IC95 706
fail: B00007IC95
processing 707
err: retry B00007ICAB 707
err: retry B00007ICAB 707
err: retry B00007ICAB 707
err: retry B00007ICAB 707
err: retry B00007ICAB 707
err: retry B00007ICAB 707
err: retry B00007ICAB 707
err: retry B00007ICAB 707
err: retry B00007ICAB 707
err: retry B00007ICAB 707
fail: B00007ICAB
processing 708
err: retry B00007ICGD 708
err: retry B00007ICGD 708
err: retry B00007ICGD 708
err: retry B00007ICGD 708
err: retry B00007ICGD 708
err: retry B00007ICGD 708
err: retry B00007ICGD 708
err: retry B00007ICGD 708
err: retry B00007ICGD 708
err: retry B00007ICGD 708
fail: B00007ICGD
processing 709
err: retry B00007ICLL 709
err: retry B00007ICLL 709
err: retry B00007ICLL 709
err: retry B00007ICLL 709
err: retry B00007ICLL 709
err: retry B00007ICLL 709
err: retry B00007ICLL 709
err: retry B00007ICLL 709
err: retry B00007ICLL 709
err: retry B00007ICLL 709
fail: B00007ICLL
processing 710
err: retry B00007ID06 710
err: retry B00007ID06 710
err: retry B00007ID06 710
err: retry B00007ID06 710
err: retry B00007ID06 710
err: retry B00007ID06 710
err: retry B00007ID06 710
err: retry B00007ID06 710
err: retry B00007ID06 710
err: retry B00007ID06 710
fail: B00007ID06
processing 711
err: retry B00007IGQB 711
err: retry B00007IGQB 711
err: retry B00007IGQB 711
err: retry B00007IGQB 711
err: retry B00007IGQB 711
err: retry B00007IGQB 711
err: retry B00007IGQB 711
err: retry B00007IGQB8IPCG 856
err: retry B00008IPCG 856
err: retry B00008IPCG 856
err: retry B00008IPCG 856
err: retry B00008IPCG 856
err: retry B00008IPCG 856
err: retry B00008IPCG 856
err: retry B00008IPCG 856
fail: B00008IPCG
skipping 857
skipping 858
skipping 859
skipping 860
skipping 861
skipping 862
processing 863
err: retry B00008IRN5 863
err: retry B00008IRN5 863
err: retry B00008IRN5 863
err: retry B00008IRN5 863
err: retry B00008IRN5 863
err: retry B00008IRN5 863
err: retry B00008IRN5 863
err: retry B00008IRN5 863
err: retry B00008IRN5 863
err: retry B00008IRN5 863
fail: B00008IRN5
skipping 864
skipping 865
skipping 866
skipping 867
skipping 868
skipping 869
skipping 870
processing 871
err: retry B00008JRDY 871
err: retry B00008JRDY 871
err: retry B00008JRDY 871
err: retry B00008JRDY 871
err: retry B00008JRDY 871
err: retry B00008JRDY 871
err: retry B00008JRDY 871
err: retry B00008JRDY 871
err: retry B00008JRDY 871
err: retry B00008JRDY 871
fail: B00008JRDY
skipping 872
skipping 873
skipping 874
skipping 875
skipping 876
skipping 877
skipping 878
skipping 879
skipping 880
skipping 881
skipping 945
skipping 946
processing 947
err: retry B000094U23 947
err: retry B000094U23 947
err: retry B000094U23 947
err: retry B000094U23 947
err: retry B000094U23 947
err: retry B000094U23 947
err: retry B000094U23 947
err: retry B000094U23 947
err: retry B000094U23 947
err: retry B000094U23 947
fail: B000094U23
skipping 948
skipping 949
skipping 950
skipping 951
skipping 952
skipping 953
skipping 954
skipping 955
skipping 956
skipping 957
processing 958
err: retry B00009ATUO 958
err: retry B00009ATUO 958
err: retry B00009ATUO 958
err: retry B00009ATUO 958
err: retry B00009ATUO 958
err: retry B00009ATUO 958
err: retry B00009ATUO 958
err: retry B00009ATUO 958
err: retry B00009ATUO 958
err: retry B00009ATUO 958
fail: B00009ATUO
skipping 959
skipping 960
skipping 961
skipping 962
skipping 963
skipping 964
skipping 965
skipping 966
skipping 967
skipping 968
skipping 969
skipping 970
skipping 971
skipping 972
skipping 973
skipping 974
skipping 975
skipping 976
skipping 977
skipping 978
skipping 979
skipping 980
skipping 981
skipping 982
skipping 983
skipping 984
skipping 985
processing 986
err: retry B00009MJLJ 986
err: retry B00009MJLJ 986
err: retry B00009MJLJ 986
err: retry B00009MJLJ 986
err: retry B00009MJLJ 986
err: retry B00009MJLJ 986
err: retry B00009MJLJ 986
err: retry B00009MJLJ 986
err: retry B00009MJLJ 986
err: retry B00009MJLJ 986
fail: B00009MJLJ
processing 987
err: retry B00009MJLO 987
err: retry B00009MJLO 987
err: retry B00009MJLO 987
err: retry B00009MJLO 987
err: retry B00009MJLO 987
err: retry B00009MJLO 987
err: retry B00009MJLO 987
err: retry B00009MJLO 987
err: retry B00009MJLO 987
err: retry B00009MJLO 987
fail: B00009MJLO
skipping 988
skipping 989
skipping 990
skipping 991
skipping 992
skipping 993
skipping 994
skipping 995
skipping 996
skipping 997
skipping 998
skipping 999
GK
processing 917
err: retry B00008U0CG 917
err: retry B00008U0CG 917
err: retry B00008U0CG 917
err: retry B00008U0CG 917
err: retry B00008U0CG 917
err: retry B00008U0CG 917
err: retry B00008U0CG 917
err: retry B00008U0CG 917
err: retry B00008U0CG 917
err: retry B00008U0CG 917
fail: B00008U0CG
skipping 918
skipping 919
skipping 920
skipping 921
skipping 922
skipping 923
skipping 924
skipping 925
processing 926
err: retry B00008ZFUZ 926
err: retry B00008ZFUZ 926
err: retry B00008ZFUZ 926
err: retry B00008ZFUZ 926
err: retry B00008ZFUZ 926
err: retry B00008ZFUZ 926
err: retry B00008ZFUZ 926
err: retry B00008ZFUZ 926
err: retry B00008ZFUZ 926
err: retry B00008ZFUZ 926
fail: B00008ZFUZ
skipping 927
skipping 928
skipping 929
skipping 930
skipping 931
skipping 932
skipping 933
skipping 934
skipping 935
skipping 936
skipping 937
skipping 938
skipping 939
skipping 940
skipping 941
skipping 942
skipping 943
skipping 944
 retry B00007GDIR 665
err: retry B00007GDIR 665
err: retry B00007GDIR 665
err: retry B00007GDIR 665
err: retry B00007GDIR 665
err: retry B00007GDIR 665
fail: B00007GDIR
processing 666
err: retry B00007GE43 666
err: retry B00007GE43 666
err: retry B00007GE43 666
err: retry B00007GE43 666
err: retry B00007GE43 666
err: retry B00007GE43 666
err: retry B00007GE43 666
err: retry B00007GE43 666
err: retry B00007GE43 666
err: retry B00007GE43 666
fail: B00007GE43
processing 667
err: retry B00007GEJS 667
err: retry B00007GEJS 667
err: retry B00007GEJS 667
err: retry B00007GEJS 667
err: retry B00007GEJS 667
err: retry B00007GEJS 667
err: retry B00007GEJS 667
err: retry B00007GEJS 667
err: retry B00007GEJS 667
err: retry B00007GEJS 667
fail: B00007GEJS
skipping 668
skipping 669
processing 670
err: retry B00007GFC5 670
err: retry B00007GFC5 670
err: retry B00007GFC5 670
err: retry B00007GFC5 670
err: retry B00007GFC5 670
err: retry B00007GFC5 670
err: retry B00007GFC5 670
err: retry B00007GFC5 670
err: retry B00007GFC5 670
err: retry B00007GFC5 670
fail: B00007GFC5
processing 671
err: retry B00007GFPP 671
err: retry B00007GFPP 671
err: retry B00007GFPP 671
err: retry B00007GFPP 671
err: retry B00007GFPP 671
err: retry B00007GFPP 671
err: retry B00007GFPP 671
err: retry B00007GFPP 671
err: retry B00007GFPP 671
err: retry B00007GFPP 671
fail: B00007GFPP
skipping 672
processing 673
err: retry B00007GG6G 673
err: retry B00007GG6G 673
err: retry B00007GG6G 673
err: retry B00007GG6G 673
err: retry B00007GG6G 673
err: retry B00007GG6G 673
err: retry B00007GG6G 673
err: retry B00007GG6G 673
err: retry B00007GG6G 673
err: retry B00007GG6G 673
fail: B00007GG6G
skipping 674
skipping 675
processing 676
err: retry B00007GI2W 676
err: retry B00007GI2W 676
err: retry B00007GI2W 676
err: retry B00007GI2W 676
err: retry B00007GI2W 676
err: retry B00007GI2W 676
err: retry B00007GI2W 676
err: retry B00007GI2W 676
err: retry B00007GI2W 676
err: retry B00007GI2W 676
fail: B00007GI2W
skipping 677
processing 678
err: retry B00007GI7K 678
err: retry B00007GI7K 678
err: retry B00007GI7K 678
err: retry B00007GI7K 678
err: retry B00007GI7K 678
err: retry B00007GI7K 678
err: retry B00007GI7K 678
err: retry B00007GI7K 678
err: retry B00007GI7K 678
err: retry B00007GI7K 678
fail: B00007GI7K
skipping 679
processing 680
err: retry B00007GIGI 680
err: retry B00007GIGI 680
err: retry B00007GIGI 680
err: retry B00007GIGI 680
err: retry B00007GIGI 680
err: retry B00007GIGI 680
err: retry B00007GIGI 680
err: retry B00007GIGI 680
err: retry B00007GIGI 680
err: retry B00007GIGI 680
fail: B00007GIGI
skipping 681
skipping 682
processing 683
err: retry B00007GIQP 683
err: retry B00007GIQP 683
err: retry B00007GIQP 683
err: retry B00007GIQP 683
err: retry B00007GIQP 683
err: retry B00007GIQP 683
err: retry B00007GIQP 683
err: retry B00007GIQP 683
err: retry B00007GIQP 683
err: retry B00007GIQP 683
fail: B00007GIQP
skipping 684
skipping 685
skipping 686
skipping 687
processing 688
err: retry B00007GKNL 688
err: retry B00007GKNL 688
err: retry B00007GKNL 688
err: retry B00007GKNL 688
err: retry B00007GKNL 688
err: retry B00007GKNL 688
err: retry B00007GKNL 688
err: retry B00007GKNL 688
err: retry B00007GKNL 688
err: retry B00007GKNL 688
fail: B00007GKNL
processing 689
err: retry B00007GL50 689
err: retry B00007GL50 689
err: retry B00007GL50 689
err: retry B00007GL50 689
err: retry B00007GL50 689
err: retry B00007GL50 689
err: retry B00007GL50 689
err: retry B00007GL50 689
err: retry B00007GL50 689
err: retry B00007GL50 689
fail: B00007GL50
skipping 690
processing 691
err: retry B00007GLIK 691
err: retry B00007GLIK 691
err: retry B00007GLIK 691
err: retry B00007GLIK 691
err: retry B00007GLIK 691
err: retry B00007GLIK 691
err: retry B00007GLIK 691
err: retry B00007GLIK 691
err: retry B00007GLIK 691
err: retry B00007GLIK 691
fail: B00007GLIK
skipping 692
